<?xml version="1.0" encoding="UTF-8"?>
<testsuite name="komendant.met.museum.MetMuseumServiceTest" tests="1" skipped="0" failures="0" errors="0" timestamp="2020-05-25T22:49:54" hostname="Home" time="1.449">
  <properties/>
  <testcase name="getObject" classname="komendant.met.museum.MetMuseumServiceTest" time="1.449"/>
  <system-out><![CDATA[]]></system-out>
  <system-err><![CDATA[]]></system-err>
</testsuite>
